<?xml version="1.0" encoding="UTF-8"?>
<!-- Generated by org.testng.reporters.JUnitReportReporter -->
<testsuite hostname="NaveenaBC" failures="0" tests="5" name="com.actitime.com.DeleteCustomer" time="0.013" errors="0" timestamp="2023-01-12T11:15:10 IST" skipped="0">
  <testcase classname="com.actitime.com.DeleteCustomer" name="createCustomer" time="0.003"/>
  <system-out>
    <![CDATA[createCustomer]]>
  </system-out>
  <testcase classname="com.actitime.com.DeleteCustomer" name="createCustomer" time="0.002"/>
  <system-out>
    <![CDATA[createCustomer]]>
  </system-out>
  <testcase classname="com.actitime.com.DeleteCustomer" name="createCustomer" time="0.002"/>
  <system-out>
    <![CDATA[createCustomer]]>
  </system-out>
  <testcase classname="com.actitime.com.DeleteCustomer" name="deleteCustomer" time="0.002"/>
  <system-out>
    <![CDATA[delectCustomer]]>
  </system-out>
  <testcase classname="com.actitime.com.DeleteCustomer" name="modifyCustomer" time="0.004"/>
  <system-out>
    <![CDATA[modifyCustomer]]>
  </system-out>
</testsuite> <!-- com.actitime.com.DeleteCustomer -->
