<?xml version="1.0" encoding="UTF-8"?>
<!-- Generated by org.testng.reporters.JUnitReportReporter -->
<testsuite hostname="NaveenaBC" failures="0" tests="1" name="com.actitime.com.DemoTestng" time="0.016" errors="0" timestamp="2023-01-11T11:50:41 IST" skipped="0">
  <testcase classname="com.actitime.com.DemoTestng" name="tastDemo" time="0.016"/>
  <system-out>
    <![CDATA[hiiiiii]]>
  </system-out>
</testsuite> <!-- com.actitime.com.DemoTestng -->
