<?xml version="1.0" encoding="UTF-8"?>
<!-- Generated by org.testng.reporters.JUnitReportReporter -->
<testsuite hostname="NaveenaBC" failures="0" tests="4" name="com.actitime.TestScript.ChildclassTestScripts" time="0.039" errors="0" timestamp="2023-01-17T21:54:27 IST" skipped="0">
  <testcase classname="com.actitime.TestScript.ChildclassTestScripts" name="registerCustomer" time="0.011"/>
  <system-out>
    <![CDATA[registerCustomer]]>
  </system-out>
  <testcase classname="com.actitime.TestScript.ChildclassTestScripts" name="deleteCustomer" time="0.015"/>
  <system-out>
    <![CDATA[deleteCustomer]]>
  </system-out>
  <testcase classname="com.actitime.TestScript.ChildclassTestScripts" name="editCustomer" time="0.006"/>
  <system-out>
    <![CDATA[editCustomer]]>
  </system-out>
  <testcase classname="com.actitime.TestScript.ChildclassTestScripts" name="editCustomer" time="0.007"/>
  <system-out>
    <![CDATA[editCustomer]]>
  </system-out>
</testsuite> <!-- com.actitime.TestScript.ChildclassTestScripts -->
